{
  "summary": {
    "outcome": "Failed",
    "testsRan": 1,
    "passing": 0,
    "failing": 1,
    "skipped": 0,
    "passRate": "0%",
    "failRate": "100%",
    "skipRate": "0%",
    "testStartTime": "Mon May 08 2023 7:40:45 PM",
    "testExecutionTimeInMs": 1115,
    "testTotalTimeInMs": 1115,
    "commandTimeInMs": 198,
    "hostname": "https://dream-connect-5924-dev-ed.scratch.my.salesforce.com",
    "orgId": "00DDH0000006lTm2AI",
    "username": "test-abnegwq9ezyd@example.com",
    "testRunId": "707DH00001e9aEl",
    "userId": "005DH000006cqhFYAQ"
  },
  "tests": [
    {
      "id": "07MDH00000IHCU42AP",
      "queueItemId": "709DH0000022HTJYA2",
      "stackTrace": "Class.SharingRunAsTest.createShare: line 29, column 1\nClass.SharingRunAsTest.runTest: line 42, column 1",
      "message": "System.DmlException: Insert failed. First exception on row 0; first error: REQUIRED_FIELD_MISSING, Required fields are missing: [AccessLevel]: [AccessLevel]",
      "asyncApexJobId": "707DH00001e9aElYAI",
      "methodName": "runTest",
      "outcome": "Fail",
      "apexLogId": null,
      "apexClass": {
        "id": "01pDH00000CFuJPYA1",
        "name": "SharingRunAsTest",
        "namespacePrefix": null,
        "fullName": "SharingRunAsTest"
      },
      "runTime": 1115,
      "testTimestamp": "2023-05-09T00:40:45.000+0000",
      "fullName": "SharingRunAsTest.runTest",
      "diagnostic": {
        "exceptionMessage": "System.DmlException: Insert failed. First exception on row 0; first error: REQUIRED_FIELD_MISSING, Required fields are missing: [AccessLevel]: [AccessLevel]",
        "exceptionStackTrace": "Class.SharingRunAsTest.createShare: line 29, column 1\nClass.SharingRunAsTest.runTest: line 42, column 1",
        "className": "SharingRunAsTest",
        "compileProblem": "",
        "lineNumber": 29,
        "columnNumber": 1
      }
    }
  ]
}